<?xml version="1.0" encoding="UTF-8"?>
<!-- Generated by org.testng.reporters.JUnitXMLReporter -->
<testsuite ignored="0" hostname="LAPTOP-GMFDT67H" failures="0" tests="1" name="Test" time="0.133" errors="0" timestamp="2025-01-28T08:25:20 IST">
  <testcase classname="testBase.BaseClass" name="@BeforeClass setup" time="-1.73803292081E9">
    <failure type="org.testng.TestNGException" message="
Parameter &amp;apos;browser&amp;apos; is required by BeforeClass on method setup but has not been marked @Optional or defined
in C:\Automation\Selenium\seleniumwebdriver\OpenCartv121\testng.xml">
      <![CDATA[org.testng.TestNGException: 
Parameter 'browser' is required by BeforeClass on method setup but has not been marked @Optional or defined
in C:\Automation\Selenium\seleniumwebdriver\OpenCartv121\testng.xml
at java.base/java.util.ArrayList.forEach(ArrayList.java:1597)
... Removed 22 stack frames]]>
    </failure>
  </testcase> <!-- @BeforeClass setup -->
  <testcase classname="testBase.BaseClass" name="@AfterClass tear_down" time="0.0">
    <skipped/>
  </testcase> <!-- @AfterClass tear_down -->
  <testcase classname="testCases.TC001_Acc_reg" name="reg_validation" time="0.0">
    <skipped/>
  </testcase> <!-- reg_validation -->
</testsuite> <!-- Test -->
